2023/02/21 10:21:05 main.go:18: Старт программы
2023/02/21 10:21:09 main.go:34: Отмена обновления валюты в БД
2023/02/21 10:21:09 main.go:44: Ищем профессию Водитель-испытатель
2023/02/21 10:21:09 main.go:70: Ведем поиск профессии в  10 городах одновременно
2023/02/21 10:21:09 main.go:75: Ищем профессию Водитель-испытатель в городе Москва
2023/02/21 10:21:09 main.go:75: Ищем профессию Водитель-испытатель в городе Долгопрудный
2023/02/21 10:21:09 main.go:75: Ищем профессию Водитель-испытатель в городе Волоколамск
2023/02/21 10:21:09 main.go:75: Ищем профессию Водитель-испытатель в городе Голицыно
2023/02/21 10:21:09 main.go:75: Ищем профессию Водитель-испытатель в городе Дзержинский
2023/02/21 10:21:09 main.go:75: Ищем профессию Водитель-испытатель в городе Дмитров
2023/02/21 10:21:09 main.go:75: Ищем профессию Водитель-испытатель в городе Бронницы
2023/02/21 10:21:09 main.go:75: Ищем профессию Водитель-испытатель в городе Балашиха
2023/02/21 10:21:09 main.go:75: Ищем профессию Водитель-испытатель в городе Видное
2023/02/21 10:21:09 main.go:75: Ищем профессию Водитель-испытатель в городе Воскресенск
2023/02/21 10:21:09 search.go:38: Найдено 1 страниц с вакансиями для профессии Водитель-испытатель в городе Голицыно
2023/02/21 10:21:09 search.go:39: Найдено 0 вакансий для профессии Водитель-испытатель в городе Голицыно
2023/02/21 10:21:09 search.go:38: Найдено 1 страниц с вакансиями для профессии Водитель-испытатель в городе Волоколамск
2023/02/21 10:21:09 search.go:39: Найдено 0 вакансий для профессии Водитель-испытатель в городе Волоколамск
2023/02/21 10:21:09 search.go:38: Найдено 1 страниц с вакансиями для профессии Водитель-испытатель в городе Долгопрудный
2023/02/21 10:21:09 search.go:39: Найдено 0 вакансий для профессии Водитель-испытатель в городе Долгопрудный
2023/02/21 10:21:09 search.go:38: Найдено 1 страниц с вакансиями для профессии Водитель-испытатель в городе Балашиха
2023/02/21 10:21:09 search.go:39: Найдено 0 вакансий для профессии Водитель-испытатель в городе Балашиха
2023/02/21 10:21:09 search.go:38: Найдено 1 страниц с вакансиями для профессии Водитель-испытатель в городе Дмитров
2023/02/21 10:21:09 search.go:39: Найдено 0 вакансий для профессии Водитель-испытатель в городе Дмитров
2023/02/21 10:21:09 search.go:38: Найдено 1 страниц с вакансиями для профессии Водитель-испытатель в городе Москва
2023/02/21 10:21:09 search.go:39: Найдено 1 вакансий для профессии Водитель-испытатель в городе Москва
2023/02/21 10:21:09 search.go:38: Найдено 1 страниц с вакансиями для профессии Водитель-испытатель в городе Воскресенск
2023/02/21 10:21:09 search.go:39: Найдено 0 вакансий для профессии Водитель-испытатель в городе Воскресенск
2023/02/21 10:21:09 search.go:38: Найдено 1 страниц с вакансиями для профессии Водитель-испытатель в городе Бронницы
2023/02/21 10:21:09 search.go:39: Найдено 0 вакансий для профессии Водитель-испытатель в городе Бронницы
2023/02/21 10:21:09 search.go:38: Найдено 1 страниц с вакансиями для профессии Водитель-испытатель в городе Дзержинский
2023/02/21 10:21:09 search.go:39: Найдено 0 вакансий для профессии Водитель-испытатель в городе Дзержинский
2023/02/21 10:21:09 main.go:78: Ищем профессию  в городе Голицыно
2023/02/21 10:21:09 main.go:78: Ищем профессию  в городе Волоколамск
2023/02/21 10:21:09 main.go:78: Ищем профессию  в городе Дмитров
2023/02/21 10:21:09 main.go:78: Ищем профессию  в городе Балашиха
2023/02/21 10:21:09 main.go:78: Ищем профессию  в городе Долгопрудный
2023/02/21 10:21:09 main.go:78: Ищем профессию  в городе Воскресенск
2023/02/21 10:21:09 search.go:38: Найдено 1 страниц с вакансиями для профессии Водитель-испытатель в городе Видное
2023/02/21 10:21:09 search.go:39: Найдено 0 вакансий для профессии Водитель-испытатель в городе Видное
2023/02/21 10:21:10 main.go:78: Ищем профессию  в городе Видное
2023/02/21 10:21:10 main.go:78: Ищем профессию  в городе Дзержинский
2023/02/21 10:21:10 main.go:78: Ищем профессию  в городе Бронницы
2023/02/21 10:21:10 search.go:38: Найдено 20 страниц с вакансиями для профессии  в городе Балашиха
2023/02/21 10:21:10 search.go:39: Найдено 2430 вакансий для профессии  в городе Балашиха
2023/02/21 10:21:10 search.go:38: Найдено 11 страниц с вакансиями для профессии  в городе Дмитров
2023/02/21 10:21:10 search.go:39: Найдено 1031 вакансий для профессии  в городе Дмитров
2023/02/21 10:21:10 search.go:38: Найдено 8 страниц с вакансиями для профессии  в городе Воскресенск
2023/02/21 10:21:10 search.go:39: Найдено 726 вакансий для профессии  в городе Воскресенск
2023/02/21 10:21:10 search.go:38: Найдено 4 страниц с вакансиями для профессии  в городе Волоколамск
2023/02/21 10:21:10 search.go:39: Найдено 321 вакансий для профессии  в городе Волоколамск
2023/02/21 10:21:10 one_vacancy.go:23: Успех: Вакансия 77005452 была добавлена в базу
2023/02/21 10:21:10 main.go:78: Ищем профессию  в городе Москва
2023/02/21 10:21:10 search.go:38: Найдено 3 страниц с вакансиями для профессии  в городе Голицыно
2023/02/21 10:21:10 search.go:39: Найдено 285 вакансий для профессии  в городе Голицыно
2023/02/21 10:21:10 search.go:38: Найдено 11 страниц с вакансиями для профессии  в городе Видное
2023/02/21 10:21:10 search.go:39: Найдено 1055 вакансий для профессии  в городе Видное
2023/02/21 10:21:10 search.go:38: Найдено 4 страниц с вакансиями для профессии  в городе Бронницы
2023/02/21 10:21:10 search.go:39: Найдено 387 вакансий для профессии  в городе Бронницы
2023/02/21 10:21:10 search.go:38: Найдено 11 страниц с вакансиями для профессии  в городе Долгопрудный
2023/02/21 10:21:10 search.go:39: Найдено 1065 вакансий для профессии  в городе Долгопрудный
2023/02/21 10:21:10 search.go:38: Найдено 5 страниц с вакансиями для профессии  в городе Дзержинский
2023/02/21 10:21:10 search.go:39: Найдено 446 вакансий для профессии  в городе Дзержинский
2023/02/21 10:21:11 one_vacancy.go:23: Успех: Вакансия 76979554 была добавлена в базу
2023/02/21 10:21:11 search.go:38: Найдено 20 страниц с вакансиями для профессии  в городе Москва
2023/02/21 10:21:11 search.go:39: Найдено 187325 вакансий для профессии  в городе Москва
2023/02/21 10:21:11 one_vacancy.go:23: Успех: Вакансия 77130288 была добавлена в базу
2023/02/21 10:21:11 one_vacancy.go:23: Успех: Вакансия 76933517 была добавлена в базу
2023/02/21 10:21:11 one_vacancy.go:23: Успех: Вакансия 77224929 была добавлена в базу
2023/02/21 10:21:11 one_vacancy.go:23: Успех: Вакансия 77212531 была добавлена в базу
2023/02/21 10:21:11 one_vacancy.go:23: Успех: Вакансия 77064310 была добавлена в базу
2023/02/21 10:21:11 one_vacancy.go:23: Успех: Вакансия 77215145 была добавлена в базу
2023/02/21 10:21:12 one_vacancy.go:23: Успех: Вакансия 76371828 была добавлена в базу
2023/02/21 10:21:12 one_vacancy.go:23: Успех: Вакансия 73352542 была добавлена в базу
2023/02/21 10:21:12 one_vacancy.go:23: Успех: Вакансия 76380934 была добавлена в базу
2023/02/21 10:21:12 one_vacancy.go:23: Успех: Вакансия 77190433 была добавлена в базу
2023/02/21 10:21:12 one_vacancy.go:23: Успех: Вакансия 76942041 была добавлена в базу
2023/02/21 10:21:12 one_vacancy.go:23: Успех: Вакансия 77198220 была добавлена в базу
2023/02/21 10:21:12 one_vacancy.go:23: Успех: Вакансия 77217981 была добавлена в базу
2023/02/21 10:21:13 one_vacancy.go:23: Успех: Вакансия 77068498 была добавлена в базу
2023/02/21 10:21:13 one_vacancy.go:23: Успех: Вакансия 77062524 была добавлена в базу
2023/02/21 10:21:13 one_vacancy.go:23: Успех: Вакансия 72234587 была добавлена в базу
2023/02/21 10:21:13 one_vacancy.go:23: Успех: Вакансия 76710814 была добавлена в базу
2023/02/21 10:21:13 one_vacancy.go:23: Успех: Вакансия 76889607 была добавлена в базу
2023/02/21 10:21:13 one_vacancy.go:23: Успех: Вакансия 77029016 была добавлена в базу
2023/02/21 10:21:13 one_vacancy.go:23: Успех: Вакансия 77058798 была добавлена в базу
2023/02/21 10:21:13 one_vacancy.go:23: Успех: Вакансия 77140241 была добавлена в базу
2023/02/21 10:21:13 one_vacancy.go:23: Успех: Вакансия 77170474 была добавлена в базу
2023/02/21 10:21:13 one_vacancy.go:23: Успех: Вакансия 77119318 была добавлена в базу
2023/02/21 10:21:13 one_vacancy.go:23: Успех: Вакансия 76962227 была добавлена в базу
2023/02/21 10:21:13 one_vacancy.go:23: Успех: Вакансия 76582923 была добавлена в базу
2023/02/21 10:21:13 one_vacancy.go:23: Успех: Вакансия 76993894 была добавлена в базу
2023/02/21 10:21:13 one_vacancy.go:23: Успех: Вакансия 76932560 была добавлена в базу
2023/02/21 10:21:13 one_vacancy.go:23: Успех: Вакансия 76321336 была добавлена в базу
2023/02/21 10:21:14 one_vacancy.go:23: Успех: Вакансия 77206261 была добавлена в базу
2023/02/21 10:21:14 one_vacancy.go:23: Успех: Вакансия 76581552 была добавлена в базу
2023/02/21 10:21:14 one_vacancy.go:23: Успех: Вакансия 77115496 была добавлена в базу
2023/02/21 10:21:14 one_vacancy.go:23: Успех: Вакансия 76826262 была добавлена в базу
2023/02/21 10:21:14 one_vacancy.go:23: Успех: Вакансия 76585144 была добавлена в базу
2023/02/21 10:21:14 one_vacancy.go:23: Успех: Вакансия 77058468 была добавлена в базу
2023/02/21 10:21:14 one_vacancy.go:23: Успех: Вакансия 77170655 была добавлена в базу
2023/02/21 10:21:14 one_vacancy.go:23: Успех: Вакансия 77066391 была добавлена в базу
